
/home/runner/work/exp-tcp-au/exp-tcp-au/experiment/simulation/js/224.d03e5ba4.js
  1:4686  warning  'a' is defined but never used  no-unused-vars
  1:4688  warning  'o' is defined but never used  no-unused-vars
  1:4690  warning  's' is defined but never used  no-unused-vars
  1:5112  warning  't' is defined but never used  no-unused-vars
  1:5114  warning  'n' is defined but never used  no-unused-vars
  1:5116  warning  'a' is defined but never used  no-unused-vars
  1:5118  warning  'o' is defined but never used  no-unused-vars
  1:5120  warning  's' is defined but never used  no-unused-vars

/home/runner/work/exp-tcp-au/exp-tcp-au/experiment/simulation/js/app.8e831f97.js
  1:89    warning  'e' is defined but never used           no-unused-vars
  1:91    warning  'n' is defined but never used           no-unused-vars
  1:1871  warning  'u' is defined but never used           no-unused-vars
  1:4902  warning  'r' is assigned a value but never used  no-unused-vars

/home/runner/work/exp-tcp-au/exp-tcp-au/experiment/simulation/js/chunk-vendors.ca451362.js
  1:1813   warning  Empty block statement                                                            no-empty
  1:3883   warning  Do not access Object.prototype method 'hasOwnProperty' from target object        no-prototype-builtins
  1:5407   warning  Do not access Object.prototype method 'propertyIsEnumerable' from target object  no-prototype-builtins
  1:6037   warning  'b.get' is assigned to itself                                                    no-self-assign
  1:6049   warning  'b.has' is assigned to itself                                                    no-self-assign
  1:6061   warning  'b.set' is assigned to itself                                                    no-self-assign
  1:8223   warning  Empty block statement                                                            no-empty
  1:9006   warning  Empty block statement                                                            no-empty
  1:9311   warning  Empty block statement                                                            no-empty
  1:13496  warning  'e' is defined but never used                                                    no-unused-vars
  1:13915  warning  'e' is defined but never used                                                    no-unused-vars
  1:16511  warning  't' is defined but never used                                                    no-unused-vars
  1:16611  warning  'i' is defined but never used                                                    no-unused-vars
  1:16613  warning  's' is defined but never used                                                    no-unused-vars
  1:17300  warning  't' is defined but never used                                                    no-unused-vars
  1:19047  warning  'e' is defined but never used                                                    no-unused-vars
  1:19049  warning  't' is defined but never used                                                    no-unused-vars
  1:19077  warning  'e' is defined but never used                                                    no-unused-vars
  1:19079  warning  't' is defined but never used                                                    no-unused-vars
  1:20718  warning  't' is defined but never used                                                    no-unused-vars
  1:22810  warning  't' is defined but never used                                                    no-unused-vars
  1:25456  warning  'r' is assigned a value but never used                                           no-unused-vars
  1:26139  warning  'e' is defined but never used                                                    no-unused-vars
  1:27817  warning  'n' is defined but never used                                                    no-unused-vars
  1:30009  warning  'u' is assigned a value but never used                                           no-unused-vars
  1:30021  warning  'a' is assigned a value but never used                                           no-unused-vars
  1:32331  warning  'e' is assigned a value but never used                                           no-unused-vars
  1:34852  warning  'de' is defined but never used                                                   no-unused-vars
  1:35310  warning  'ye' is defined but never used                                                   no-unused-vars
  1:35361  warning  'be' is defined but never used                                                   no-unused-vars
  1:36376  warning  'n' is assigned a value but never used                                           no-unused-vars
  1:39452  warning  'b' is assigned a value but never used                                           no-unused-vars
  1:39480  warning  'w' is assigned a value but never used                                           no-unused-vars
  1:39628  warning  'T' is assigned a value but never used                                           no-unused-vars
  1:40085  warning  Setter cannot return a value                                                     no-setter-return
  1:40525  warning  Setter cannot return a value                                                     no-setter-return
  1:40685  warning  'n' is assigned a value but never used                                           no-unused-vars
  1:40925  warning  Setter cannot return a value                                                     no-setter-return
  1:45320  warning  'n' is defined but never used                                                    no-unused-vars
  1:62752  warning  'n' is defined but never used                                                    no-unused-vars
  1:64853  warning  Unexpected constant condition                                                    no-constant-condition
  1:66078  warning  'i' is defined but never used                                                    no-unused-vars
  1:67113  warning  Expected a conditional expression and instead saw an assignment                  no-cond-assign
  1:75290  warning  Do not access Object.prototype method 'hasOwnProperty' from target object        no-prototype-builtins
  1:75312  warning  Do not access Object.prototype method 'hasOwnProperty' from target object        no-prototype-builtins
  7:1877   warning  Unnecessary escape character: \/                                                 no-useless-escape
  7:3105   warning  't' is defined but never used                                                    no-unused-vars
  7:10477  warning  Empty block statement                                                            no-empty
  7:14583  warning  'i' is defined but never used                                                    no-unused-vars
  7:20039  warning  'e' is defined but never used                                                    no-unused-vars

✖ 62 problems (0 errors, 62 warnings)

